<?xml version="1.0" encoding="utf-8"?>
<coverage line-rate="1" branch-rate="1" version="1.9" timestamp="1778136992" lines-covered="62" lines-valid="62" branches-covered="14" branches-valid="14">
  <sources>
    <source>C:\desktopContents\projects\SaaS\NuGetPackages\Tracing.Client\src\Tracing.Client\</source>
  </sources>
  <packages>
    <package name="Tracing.Client" line-rate="1" branch-rate="1" complexity="21">
      <classes>
        <class name="Tracing.Client.Extensions.TracingServiceExtensions" filename="Extensions\TracingServiceExtensions.cs" line-rate="1" branch-rate="1" complexity="14">
          <methods>
            <method name="AddTracingDefaults" signature="(TBuilder,System.Action`1&lt;Tracing.Client.Configuration.TracingOptions&gt;)" line-rate="1" branch-rate="1" complexity="2">
              <lines>
                <line number="37" hits="14" branch="False" />
                <line number="38" hits="14" branch="False" />
                <line number="40" hits="15" branch="True" condition-coverage="100% (2/2)">
                  <conditions>
                    <condition number="77" type="jump" coverage="100%" />
                  </conditions>
                </line>
                <line number="42" hits="13" branch="False" />
                <line number="43" hits="13" branch="False" />
                <line number="44" hits="12" branch="False" />
                <line number="45" hits="13" branch="False" />
                <line number="46" hits="13" branch="False" />
                <line number="47" hits="13" branch="False" />
                <line number="48" hits="13" branch="False" />
                <line number="49" hits="13" branch="False" />
                <line number="50" hits="26" branch="False" />
                <line number="52" hits="13" branch="False" />
                <line number="53" hits="14" branch="False" />
              </lines>
            </method>
            <method name="BuildOptions" signature="(Microsoft.Extensions.Configuration.IConfiguration,System.Action`1&lt;Tracing.Client.Configuration.TracingOptions&gt;)" line-rate="1" branch-rate="1" complexity="2">
              <lines>
                <line number="68" hits="22" branch="False" />
                <line number="69" hits="22" branch="False" />
                <line number="72" hits="22" branch="False" />
                <line number="73" hits="22" branch="False" />
                <line number="74" hits="22" branch="False" />
                <line number="77" hits="22" branch="True" condition-coverage="100% (2/2)">
                  <conditions>
                    <condition number="54" type="jump" coverage="100%" />
                  </conditions>
                </line>
                <line number="79" hits="22" branch="False" />
                <line number="80" hits="22" branch="False" />
              </lines>
            </method>
            <method name="ConfigureSampler" signature="(OpenTelemetry.Trace.TracerProviderBuilder,System.Double)" line-rate="1" branch-rate="1" complexity="4">
              <lines>
                <line number="91" hits="13" branch="False" />
                <line number="92" hits="13" branch="False" />
                <line number="94" hits="13" branch="True" condition-coverage="100% (4/4)">
                  <conditions>
                    <condition number="63" type="jump" coverage="100%" />
                    <condition number="82" type="jump" coverage="100%" />
                  </conditions>
                </line>
                <line number="95" hits="13" branch="False" />
                <line number="96" hits="9" branch="False" />
                <line number="97" hits="2" branch="False" />
                <line number="98" hits="2" branch="False" />
                <line number="99" hits="13" branch="False" />
                <line number="100" hits="13" branch="False" />
              </lines>
            </method>
            <method name="AddInstrumentation" signature="(OpenTelemetry.Trace.TracerProviderBuilder,Tracing.Client.Configuration.TracingOptions)" line-rate="1" branch-rate="1" complexity="4">
              <lines>
                <line number="108" hits="13" branch="False" />
                <line number="110" hits="13" branch="False" />
                <line number="111" hits="13" branch="False" />
                <line number="112" hits="13" branch="False" />
                <line number="115" hits="13" branch="True" condition-coverage="100% (2/2)">
                  <conditions>
                    <condition number="60" type="jump" coverage="100%" />
                  </conditions>
                </line>
                <line number="116" hits="11" branch="False" />
                <line number="117" hits="11" branch="False" />
                <line number="118" hits="10" branch="False" />
                <line number="119" hits="10" branch="False" />
                <line number="120" hits="21" branch="False" />
                <line number="121" hits="11" branch="False" />
                <line number="125" hits="13" branch="True" condition-coverage="100% (2/2)">
                  <conditions>
                    <condition number="138" type="jump" coverage="100%" />
                  </conditions>
                </line>
                <line number="126" hits="11" branch="False" />
                <line number="127" hits="11" branch="False" />
                <line number="128" hits="11" branch="False" />
                <line number="129" hits="13" branch="False" />
              </lines>
            </method>
            <method name="AddExporter" signature="(OpenTelemetry.Trace.TracerProviderBuilder,Tracing.Client.Configuration.TracingOptions,Microsoft.Extensions.Configuration.IConfiguration)" line-rate="1" branch-rate="1" complexity="2">
              <lines>
                <line number="139" hits="13" branch="False" />
                <line number="140" hits="13" branch="False" />
                <line number="142" hits="24" branch="True" condition-coverage="100% (2/2)">
                  <conditions>
                    <condition number="53" type="jump" coverage="100%" />
                  </conditions>
                </line>
                <line number="144" hits="2" branch="False" />
                <line number="145" hits="2" branch="False" />
                <line number="146" hits="2" branch="False" />
                <line number="147" hits="4" branch="False" />
                <line number="148" hits="13" branch="False" />
              </lines>
            </method>
          </methods>
          <lines>
            <line number="37" hits="14" branch="False" />
            <line number="38" hits="14" branch="False" />
            <line number="40" hits="15" branch="True" condition-coverage="100% (2/2)">
              <conditions>
                <condition number="77" type="jump" coverage="100%" />
              </conditions>
            </line>
            <line number="42" hits="13" branch="False" />
            <line number="43" hits="13" branch="False" />
            <line number="44" hits="12" branch="False" />
            <line number="45" hits="13" branch="False" />
            <line number="46" hits="13" branch="False" />
            <line number="47" hits="13" branch="False" />
            <line number="48" hits="13" branch="False" />
            <line number="49" hits="13" branch="False" />
            <line number="50" hits="26" branch="False" />
            <line number="52" hits="13" branch="False" />
            <line number="53" hits="14" branch="False" />
            <line number="68" hits="22" branch="False" />
            <line number="69" hits="22" branch="False" />
            <line number="72" hits="22" branch="False" />
            <line number="73" hits="22" branch="False" />
            <line number="74" hits="22" branch="False" />
            <line number="77" hits="22" branch="True" condition-coverage="100% (2/2)">
              <conditions>
                <condition number="54" type="jump" coverage="100%" />
              </conditions>
            </line>
            <line number="79" hits="22" branch="False" />
            <line number="80" hits="22" branch="False" />
            <line number="91" hits="13" branch="False" />
            <line number="92" hits="13" branch="False" />
            <line number="94" hits="13" branch="True" condition-coverage="100% (4/4)">
              <conditions>
                <condition number="63" type="jump" coverage="100%" />
                <condition number="82" type="jump" coverage="100%" />
              </conditions>
            </line>
            <line number="95" hits="13" branch="False" />
            <line number="96" hits="9" branch="False" />
            <line number="97" hits="2" branch="False" />
            <line number="98" hits="2" branch="False" />
            <line number="99" hits="13" branch="False" />
            <line number="100" hits="13" branch="False" />
            <line number="108" hits="13" branch="False" />
            <line number="110" hits="13" branch="False" />
            <line number="111" hits="13" branch="False" />
            <line number="112" hits="13" branch="False" />
            <line number="115" hits="13" branch="True" condition-coverage="100% (2/2)">
              <conditions>
                <condition number="60" type="jump" coverage="100%" />
              </conditions>
            </line>
            <line number="116" hits="11" branch="False" />
            <line number="117" hits="11" branch="False" />
            <line number="118" hits="10" branch="False" />
            <line number="119" hits="10" branch="False" />
            <line number="120" hits="21" branch="False" />
            <line number="121" hits="11" branch="False" />
            <line number="125" hits="13" branch="True" condition-coverage="100% (2/2)">
              <conditions>
                <condition number="138" type="jump" coverage="100%" />
              </conditions>
            </line>
            <line number="126" hits="11" branch="False" />
            <line number="127" hits="11" branch="False" />
            <line number="128" hits="11" branch="False" />
            <line number="129" hits="13" branch="False" />
            <line number="139" hits="13" branch="False" />
            <line number="140" hits="13" branch="False" />
            <line number="142" hits="24" branch="True" condition-coverage="100% (2/2)">
              <conditions>
                <condition number="53" type="jump" coverage="100%" />
              </conditions>
            </line>
            <line number="144" hits="2" branch="False" />
            <line number="145" hits="2" branch="False" />
            <line number="146" hits="2" branch="False" />
            <line number="147" hits="4" branch="False" />
            <line number="148" hits="13" branch="False" />
          </lines>
        </class>
        <class name="Tracing.Client.Configuration.TracingOptions" filename="Configuration\TracingOptions.cs" line-rate="1" branch-rate="1" complexity="7">
          <methods>
            <method name="get_ServiceName" signature="()" line-rate="1" branch-rate="1" complexity="1">
              <lines>
                <line number="17" hits="78" branch="False" />
              </lines>
            </method>
            <method name="get_Enabled" signature="()" line-rate="1" branch-rate="1" complexity="1">
              <lines>
                <line number="23" hits="74" branch="False" />
              </lines>
            </method>
            <method name="get_OtlpEndpoint" signature="()" line-rate="1" branch-rate="1" complexity="1">
              <lines>
                <line number="32" hits="74" branch="False" />
              </lines>
            </method>
            <method name="get_SamplingRatio" signature="()" line-rate="1" branch-rate="1" complexity="1">
              <lines>
                <line number="40" hits="75" branch="False" />
              </lines>
            </method>
            <method name="get_InstrumentEfCore" signature="()" line-rate="1" branch-rate="1" complexity="1">
              <lines>
                <line number="46" hits="70" branch="False" />
              </lines>
            </method>
            <method name="get_InstrumentMassTransit" signature="()" line-rate="1" branch-rate="1" complexity="1">
              <lines>
                <line number="53" hits="71" branch="False" />
              </lines>
            </method>
            <method name="get_IncludeDbStatements" signature="()" line-rate="1" branch-rate="1" complexity="1">
              <lines>
                <line number="60" hits="69" branch="False" />
              </lines>
            </method>
          </methods>
          <lines>
            <line number="17" hits="78" branch="False" />
            <line number="23" hits="74" branch="False" />
            <line number="32" hits="74" branch="False" />
            <line number="40" hits="75" branch="False" />
            <line number="46" hits="70" branch="False" />
            <line number="53" hits="71" branch="False" />
            <line number="60" hits="69" branch="False" />
          </lines>
        </class>
      </classes>
    </package>
  </packages>
</coverage>